8.8032 	EXP 	Created window1 = Window(allowGUI=True, allowStencil=False, autoLog=True, backendConf=UNKNOWN, bitsMode=UNKNOWN, blendMode='avg', bpc=(8, 8, 8), color=array([0., 0., 0.]), colorSpace='rgb', depthBits=8, fullscr=<method-wrapper '__getattribute__' of attributeSetter object at 0x0000022E78028670>, gamma=None, gammaErrorPolicy='raise', lms=UNKNOWN, monitor=<psychopy.monitors.calibTools.Monitor object at 0x0000022E7873EBF0>, multiSample=False, name='window1', numSamples=2, pos=(-2560, -209), screen=1, size=array([2560, 1440]), stencilBits=0, stereo=False, units='norm', useFBO=True, useRetina=False, viewOri=0.0, viewPos=None, viewScale=None, waitBlanking=True, winType='pyglet')
8.8034 	EXP 	window1: mouseVisible = True
8.8034 	EXP 	window1: mouseVisible = True
9.2470 	EXP 	Created window1 = Window(allowGUI=True, allowStencil=False, autoLog=True, backendConf=UNKNOWN, bitsMode=UNKNOWN, blendMode='avg', bpc=(8, 8, 8), color=array([0., 0., 0.]), colorSpace='rgb', depthBits=8, fullscr=<method-wrapper '__getattribute__' of attributeSetter object at 0x0000022E78028670>, gamma=None, gammaErrorPolicy='raise', lms=UNKNOWN, monitor=<psychopy.monitors.calibTools.Monitor object at 0x0000022E7873EC50>, multiSample=False, name='window1', numSamples=2, pos=(640, 300), screen=0, size=array([640, 480]), stencilBits=0, stereo=False, units='norm', useFBO=True, useRetina=False, viewOri=0.0, viewPos=None, viewScale=None, waitBlanking=True, winType='pyglet')
9.2471 	EXP 	window1: mouseVisible = True
12.4072 	EXP 	Created unnamed TextStim = TextStim(__class__=<class 'psychopy.visual.text.TextStim'>, alignHoriz=method-wrapper(...), alignText='center', alignVert=method-wrapper(...), anchorHoriz='center', anchorVert='center', antialias=True, autoDraw=False, autoLog=True, bold=False, color=array([1, 1, 1]), colorSpace='rgb', contrast=1.0, depth=0, flipHoriz=False, flipVert=False, font='', fontFiles=[], height=0.1, italic=False, languageStyle='LTR', name='unnamed TextStim', opacity=1.0, ori=0.0, pos=array([0., 0.]), rgb=UNKNOWN, text=str(...), units='norm', win=Window(...), wrapWidth=1)
13.4924 	DATA 	Keypress: x
13.5944 	EXP 	Created unnamed MovieStim3 = MovieStim3(__class__=<class 'psychopy.visual.movie3.MovieStim3'>, anchor=('center', 'center'), autoLog=True, color=UNKNOWN, colorSpace=UNKNOWN, depth=0.0, filename=str(...), flipHoriz=False, flipVert=False, fps=UNKNOWN, interpolate=True, loop=False, name='unnamed MovieStim3', noAudio=False, opacity=1, ori=method-wrapper(...), pos=array([0., 0.]), size=None, units='pix', vframe_callback=UNKNOWN, volume=UNKNOWN, win=Window(...))
13.7587 	WARNING 	0.16424249997362494: Video catchup needed, advancing self._nextFrameT from 0.0 to 0.05
13.7587 	WARNING 	0.16427529999054968: Video catchup needed, advancing self._nextFrameT from 0.05 to 0.1
13.8067 	EXP 	unnamed MovieStim3: autoLog = True
13.8067 	EXP 	unnamed MovieStim3: movie = 'C://Users//Badania//OneDrive//Pulpit//Syncc-In//calib_intro_20.wmv'
13.8067 	EXP 	unnamed MovieStim3: ori = 0.0
13.8067 	EXP 	unnamed MovieStim3: autoDraw = True
16.8126 	EXP 	window1: mouseVisible = True
16.8181 	EXP 	Created unnamed TextStim = TextStim(__class__=<class 'psychopy.visual.text.TextStim'>, alignHoriz=method-wrapper(...), alignText='center', alignVert=method-wrapper(...), anchorHoriz='center', anchorVert='center', antialias=True, autoDraw=False, autoLog=True, bold=False, color=array([1, 1, 1]), colorSpace='rgb', contrast=1.0, depth=0, flipHoriz=False, flipVert=False, font='', fontFiles=[], height=0.1, italic=False, languageStyle='LTR', name='unnamed TextStim', opacity=1.0, ori=0.0, pos=array([0., 0.]), rgb=UNKNOWN, text="Press 'x' to begin master calibration...", units='norm', win=Window(...), wrapWidth=1)
18.9330 	DATA 	Keypress: x
18.9433 	EXP 	Created unnamed TextStim = TextStim(__class__=<class 'psychopy.visual.text.TextStim'>, alignHoriz=method-wrapper(...), alignText='center', alignVert=method-wrapper(...), anchorHoriz='center', anchorVert='center', antialias=True, autoDraw=False, autoLog=True, bold=False, color=array([1, 1, 1]), colorSpace='rgb', contrast=1.0, depth=0, flipHoriz=False, flipVert=False, font='', fontFiles=[], height=0.1, italic=False, languageStyle='LTR', name='unnamed TextStim', opacity=1.0, ori=0.0, pos=array([0., 0.]), rgb=UNKNOWN, text="Press 'x' to begin slave calibration...", units='norm', win=Window(...), wrapWidth=1)
20.0100 	DATA 	Keypress: x
20.0189 	EXP 	Created unnamed TextStim = TextStim(__class__=<class 'psychopy.visual.text.TextStim'>, alignHoriz=method-wrapper(...), alignText='center', alignVert=method-wrapper(...), anchorHoriz='center', anchorVert='center', antialias=True, autoDraw=False, autoLog=True, bold=False, color=array([1, 1, 1]), colorSpace='rgb', contrast=1.0, depth=0, flipHoriz=False, flipVert=False, font='', fontFiles=[], height=0.1, italic=False, languageStyle='LTR', name='unnamed TextStim', opacity=1.0, ori=0.0, pos=array([0., 0.]), rgb=UNKNOWN, text=str(...), units='norm', win=Window(...), wrapWidth=1)
21.0030 	DATA 	Keypress: x
21.5638 	EXP 	Created window1 = Window(allowGUI=True, allowStencil=False, autoLog=True, backendConf=UNKNOWN, bitsMode=UNKNOWN, blendMode='avg', bpc=(8, 8, 8), color=array([0., 0., 0.]), colorSpace='rgb', depthBits=8, fullscr=<method-wrapper '__getattribute__' of attributeSetter object at 0x0000022E78028670>, gamma=None, gammaErrorPolicy='raise', lms=UNKNOWN, monitor=<psychopy.monitors.calibTools.Monitor object at 0x0000022E7873EBF0>, multiSample=False, name='window1', numSamples=2, pos=(-2560, -209), screen=1, size=array([2560, 1440]), stencilBits=0, stereo=False, units='height', useFBO=True, useRetina=False, viewOri=0.0, viewPos=None, viewScale=None, waitBlanking=True, winType='pyglet')
21.5639 	EXP 	window1: mouseVisible = True
21.5806 	EXP 	Created unnamed MovieStim3 = MovieStim3(__class__=<class 'psychopy.visual.movie3.MovieStim3'>, anchor=('center', 'center'), autoLog=True, color=UNKNOWN, colorSpace=UNKNOWN, depth=0.0, filename=str(...), flipHoriz=False, flipVert=False, fps=UNKNOWN, interpolate=True, loop=False, name='unnamed MovieStim3', noAudio=False, opacity=1, ori=method-wrapper(...), pos=array([0., 0.]), size=None, units='pix', vframe_callback=UNKNOWN, volume=UNKNOWN, win=Window(...))
21.6611 	EXP 	window1: mouseVisible = True
21.6939 	EXP 	window1: mouseVisible = True
