7.5997 	EXP 	Created window1 = Window(allowGUI=True, allowStencil=False, autoLog=True, backendConf=UNKNOWN, bitsMode=UNKNOWN, blendMode='avg', bpc=(8, 8, 8), color=array([-1., -1., -1.]), colorSpace='rgb', depthBits=8, fullscr=<method-wrapper '__getattribute__' of attributeSetter object at 0x000001FB7B31C790>, gamma=None, gammaErrorPolicy='raise', lms=UNKNOWN, monitor=<psychopy.monitors.calibTools.Monitor object at 0x000001FB7BA44F10>, multiSample=False, name='window1', numSamples=2, pos=(-2560, -209), screen=1, size=array([2560, 1440]), stencilBits=0, stereo=False, units='norm', useFBO=True, useRetina=False, viewOri=0.0, viewPos=None, viewScale=None, waitBlanking=True, winType='pyglet')
7.5999 	EXP 	window1: mouseVisible = True
7.5999 	EXP 	window1: mouseVisible = True
8.1410 	EXP 	Created window1 = Window(allowGUI=True, allowStencil=False, autoLog=True, backendConf=UNKNOWN, bitsMode=UNKNOWN, blendMode='avg', bpc=(8, 8, 8), color=array([-1., -1., -1.]), colorSpace='rgb', depthBits=8, fullscr=<method-wrapper '__getattribute__' of attributeSetter object at 0x000001FB7B31C790>, gamma=None, gammaErrorPolicy='raise', lms=UNKNOWN, monitor=<psychopy.monitors.calibTools.Monitor object at 0x000001FB7BA44FD0>, multiSample=False, name='window1', numSamples=2, pos=(640, 300), screen=0, size=array([640, 480]), stencilBits=0, stereo=False, units='norm', useFBO=True, useRetina=False, viewOri=0.0, viewPos=None, viewScale=None, waitBlanking=True, winType='pyglet')
8.1411 	EXP 	window1: mouseVisible = True
10.0126 	EXP 	Created unnamed TextStim = TextStim(__class__=<class 'psychopy.visual.text.TextStim'>, alignHoriz=method-wrapper(...), alignText='center', alignVert=method-wrapper(...), anchorHoriz='center', anchorVert='center', antialias=True, autoDraw=False, autoLog=True, bold=False, color=array([1, 1, 1]), colorSpace='rgb', contrast=1.0, depth=0, flipHoriz=False, flipVert=False, font='', fontFiles=[], height=0.1, italic=False, languageStyle='LTR', name='unnamed TextStim', opacity=1.0, ori=0.0, pos=array([0., 0.]), rgb=UNKNOWN, text=str(...), units='norm', win=Window(...), wrapWidth=1)
11.0061 	DATA 	Keypress: x
11.1127 	EXP 	Created unnamed MovieStim3 = MovieStim3(__class__=<class 'psychopy.visual.movie3.MovieStim3'>, anchor=('center', 'center'), autoLog=True, color=UNKNOWN, colorSpace=UNKNOWN, depth=0.0, filename=str(...), flipHoriz=False, flipVert=False, fps=UNKNOWN, interpolate=True, loop=False, name='unnamed MovieStim3', noAudio=False, opacity=1, ori=method-wrapper(...), pos=array([0., 0.]), size=None, units='pix', vframe_callback=UNKNOWN, volume=UNKNOWN, win=Window(...))
11.2746 	WARNING 	0.1618199001532048: Video catchup needed, advancing self._nextFrameT from 0.0 to 0.05
11.2746 	WARNING 	0.1618669000454247: Video catchup needed, advancing self._nextFrameT from 0.05 to 0.1
11.3193 	EXP 	unnamed MovieStim3: autoLog = True
11.3193 	EXP 	unnamed MovieStim3: movie = 'C://Users//Badania//OneDrive//Pulpit//Syncc-In//calib_intro_20.wmv'
11.3193 	EXP 	unnamed MovieStim3: ori = 0.0
11.3193 	EXP 	unnamed MovieStim3: autoDraw = True
14.3327 	EXP 	window1: mouseVisible = True
14.3413 	EXP 	Created unnamed TextStim = TextStim(__class__=<class 'psychopy.visual.text.TextStim'>, alignHoriz=method-wrapper(...), alignText='center', alignVert=method-wrapper(...), anchorHoriz='center', anchorVert='center', antialias=True, autoDraw=False, autoLog=True, bold=False, color=array([1, 1, 1]), colorSpace='rgb', contrast=1.0, depth=0, flipHoriz=False, flipVert=False, font='', fontFiles=[], height=0.1, italic=False, languageStyle='LTR', name='unnamed TextStim', opacity=1.0, ori=0.0, pos=array([0., 0.]), rgb=UNKNOWN, text="Press 'x' to begin master calibration...", units='norm', win=Window(...), wrapWidth=1)
15.5041 	DATA 	Keypress: x
15.5136 	EXP 	Created unnamed TextStim = TextStim(__class__=<class 'psychopy.visual.text.TextStim'>, alignHoriz=method-wrapper(...), alignText='center', alignVert=method-wrapper(...), anchorHoriz='center', anchorVert='center', antialias=True, autoDraw=False, autoLog=True, bold=False, color=array([1, 1, 1]), colorSpace='rgb', contrast=1.0, depth=0, flipHoriz=False, flipVert=False, font='', fontFiles=[], height=0.1, italic=False, languageStyle='LTR', name='unnamed TextStim', opacity=1.0, ori=0.0, pos=array([0., 0.]), rgb=UNKNOWN, text="Press 'x' to begin slave calibration...", units='norm', win=Window(...), wrapWidth=1)
16.1409 	DATA 	Keypress: x
16.1616 	EXP 	Created unnamed TextStim = TextStim(__class__=<class 'psychopy.visual.text.TextStim'>, alignHoriz=method-wrapper(...), alignText='center', alignVert=method-wrapper(...), anchorHoriz='center', anchorVert='center', antialias=True, autoDraw=False, autoLog=True, bold=False, color=array([1, 1, 1]), colorSpace='rgb', contrast=1.0, depth=0, flipHoriz=False, flipVert=False, font='', fontFiles=[], height=0.1, italic=False, languageStyle='LTR', name='unnamed TextStim', opacity=1.0, ori=0.0, pos=array([0., 0.]), rgb=UNKNOWN, text=str(...), units='norm', win=Window(...), wrapWidth=1)
17.9569 	DATA 	Keypress: x
18.5761 	EXP 	Created window1 = Window(allowGUI=True, allowStencil=False, autoLog=True, backendConf=UNKNOWN, bitsMode=UNKNOWN, blendMode='avg', bpc=(8, 8, 8), color=array([1., 1., 1.]), colorSpace='rgb', depthBits=8, fullscr=<method-wrapper '__getattribute__' of attributeSetter object at 0x000001FB7B31C790>, gamma=None, gammaErrorPolicy='raise', lms=UNKNOWN, monitor=<psychopy.monitors.calibTools.Monitor object at 0x000001FB7BA44F10>, multiSample=False, name='window1', numSamples=2, pos=(-2560, -209), screen=1, size=array([2560, 1440]), stencilBits=0, stereo=False, units='height', useFBO=True, useRetina=False, viewOri=0.0, viewPos=None, viewScale=None, waitBlanking=True, winType='pyglet')
18.5762 	EXP 	window1: mouseVisible = True
18.5926 	EXP 	Created unnamed MovieStim3 = MovieStim3(__class__=<class 'psychopy.visual.movie3.MovieStim3'>, anchor=('center', 'center'), autoLog=True, color=UNKNOWN, colorSpace=UNKNOWN, depth=0.0, filename=str(...), flipHoriz=False, flipVert=False, fps=UNKNOWN, interpolate=True, loop=False, name='unnamed MovieStim3', noAudio=False, opacity=1, ori=method-wrapper(...), pos=array([0., 0.]), size=None, units='pix', vframe_callback=UNKNOWN, volume=UNKNOWN, win=Window(...))
19.2535 	WARNING 	0.6608116999268532: Video catchup needed, advancing self._nextFrameT from 0.0 to 0.05
19.2535 	WARNING 	0.6608665999956429: Video catchup needed, advancing self._nextFrameT from 0.05 to 0.1
19.2535 	WARNING 	0.6608982998877764: Video catchup needed, advancing self._nextFrameT from 0.1 to 0.15000000000000002
19.2536 	WARNING 	0.660929000005126: Video catchup needed, advancing self._nextFrameT from 0.15000000000000002 to 0.2
19.2536 	WARNING 	0.6609592998865992: Video catchup needed, advancing self._nextFrameT from 0.2 to 0.25
19.2536 	WARNING 	0.6609890998806804: Video catchup needed, advancing self._nextFrameT from 0.25 to 0.3
19.2537 	WARNING 	0.6610184998717159: Video catchup needed, advancing self._nextFrameT from 0.3 to 0.35
19.2537 	WARNING 	0.6610441000666469: Video catchup needed, advancing self._nextFrameT from 0.35 to 0.39999999999999997
19.2537 	WARNING 	0.6610602999571711: Video catchup needed, advancing self._nextFrameT from 0.39999999999999997 to 0.44999999999999996
19.2537 	WARNING 	0.6610751999542117: Video catchup needed, advancing self._nextFrameT from 0.44999999999999996 to 0.49999999999999994
19.2537 	WARNING 	Max reportNDroppedFrames reached, will not log any more dropped frames
19.3278 	EXP 	Created unnamed MovieStim3 = MovieStim3(__class__=<class 'psychopy.visual.movie3.MovieStim3'>, anchor=('center', 'center'), autoLog=True, color=UNKNOWN, colorSpace=UNKNOWN, depth=0.0, filename=str(...), flipHoriz=False, flipVert=False, fps=UNKNOWN, interpolate=True, loop=False, name='unnamed MovieStim3', noAudio=False, opacity=1, ori=method-wrapper(...), pos=array([0., 0.]), size=None, units='pix', vframe_callback=UNKNOWN, volume=UNKNOWN, win=Window(...))
19.8943 	WARNING 	0.5664843998383731: Video catchup needed, advancing self._nextFrameT from 0.0 to 0.05
19.8943 	WARNING 	0.5665165998507291: Video catchup needed, advancing self._nextFrameT from 0.05 to 0.1
19.8944 	WARNING 	0.5665322998538613: Video catchup needed, advancing self._nextFrameT from 0.1 to 0.15000000000000002
19.8944 	WARNING 	0.5665475998539478: Video catchup needed, advancing self._nextFrameT from 0.15000000000000002 to 0.2
19.8944 	WARNING 	0.5665623999666423: Video catchup needed, advancing self._nextFrameT from 0.2 to 0.25
19.8944 	WARNING 	0.5665761998388916: Video catchup needed, advancing self._nextFrameT from 0.25 to 0.3
19.8944 	WARNING 	0.5665902998298407: Video catchup needed, advancing self._nextFrameT from 0.3 to 0.35
19.8944 	WARNING 	0.5666041998192668: Video catchup needed, advancing self._nextFrameT from 0.35 to 0.39999999999999997
19.8944 	WARNING 	0.5666181999258697: Video catchup needed, advancing self._nextFrameT from 0.39999999999999997 to 0.44999999999999996
19.8945 	WARNING 	0.5666328999213874: Video catchup needed, advancing self._nextFrameT from 0.44999999999999996 to 0.49999999999999994
19.8945 	WARNING 	Max reportNDroppedFrames reached, will not log any more dropped frames
19.9568 	EXP 	Created unnamed MovieStim3 = MovieStim3(__class__=<class 'psychopy.visual.movie3.MovieStim3'>, anchor=('center', 'center'), autoLog=True, color=UNKNOWN, colorSpace=UNKNOWN, depth=0.0, filename=str(...), flipHoriz=False, flipVert=False, fps=UNKNOWN, interpolate=True, loop=False, name='unnamed MovieStim3', noAudio=False, opacity=1, ori=method-wrapper(...), pos=array([0., 0.]), size=None, units='pix', vframe_callback=UNKNOWN, volume=UNKNOWN, win=Window(...))
20.5115 	WARNING 	0.5545919998548925: Video catchup needed, advancing self._nextFrameT from 0.0 to 0.05
20.5115 	WARNING 	0.5546263998840004: Video catchup needed, advancing self._nextFrameT from 0.05 to 0.1
20.5115 	WARNING 	0.5546420998871326: Video catchup needed, advancing self._nextFrameT from 0.1 to 0.15000000000000002
20.5115 	WARNING 	0.5546569998841733: Video catchup needed, advancing self._nextFrameT from 0.15000000000000002 to 0.2
20.5115 	WARNING 	0.5546712998766452: Video catchup needed, advancing self._nextFrameT from 0.2 to 0.25
20.5115 	WARNING 	0.5546853998675942: Video catchup needed, advancing self._nextFrameT from 0.25 to 0.3
20.5116 	WARNING 	0.5546992998570204: Video catchup needed, advancing self._nextFrameT from 0.3 to 0.35
20.5116 	WARNING 	0.554713600082323: Video catchup needed, advancing self._nextFrameT from 0.35 to 0.39999999999999997
20.5116 	WARNING 	0.5547281999606639: Video catchup needed, advancing self._nextFrameT from 0.39999999999999997 to 0.44999999999999996
20.5116 	WARNING 	0.5547428999561816: Video catchup needed, advancing self._nextFrameT from 0.44999999999999996 to 0.49999999999999994
20.5116 	WARNING 	Max reportNDroppedFrames reached, will not log any more dropped frames
20.5814 	EXP 	Created photo_rect_on = Rect(__class__=<class 'psychopy.visual.rect.Rect'>, anchor=('right', 'bottom'), autoDraw=False, autoLog=True, closeShape=True, color=method-wrapper(...), colorSpace='rgb', contrast=None, depth=0.0, fillColor=array([1, 1, 1]), fillColorSpace='rgb', fillRGB=array([1, 1, 1]), interpolate=True, lineColor=array([1, 1, 1]), lineColorSpace='rgb', lineRGB=array([1, 1, 1]), lineWidth=1.0, name='photo_rect_on', opacity=1.0, ori=0.0, pos=array([ 1., -1.]), size=array([0.05625, 0.1    ]), units='norm', vertices=ndarray(...), win=Window(...))
20.5825 	EXP 	Created photo_rect_off = Rect(__class__=<class 'psychopy.visual.rect.Rect'>, anchor=('right', 'bottom'), autoDraw=False, autoLog=True, closeShape=True, color=method-wrapper(...), colorSpace='rgb', contrast=None, depth=0.0, fillColor=array([-1, -1, -1]), fillColorSpace='rgb', fillRGB=array([-1, -1, -1]), interpolate=True, lineColor=array([-1, -1, -1]), lineColorSpace='rgb', lineRGB=array([-1, -1, -1]), lineWidth=1.0, name='photo_rect_off', opacity=1.0, ori=0.0, pos=array([ 1., -1.]), size=array([0.05625, 0.1    ]), units='norm', vertices=ndarray(...), win=Window(...))
20.5844 	EXP 	Created unnamed ShapeStim = ShapeStim(__class__=<class 'psychopy.visual.shape.ShapeStim'>, anchor=('center', 'center'), autoDraw=False, autoLog=True, closeShape=True, color=method-wrapper(...), colorSpace='rgb', contrast=None, depth=0, fillColor=array([-1, -1, -1]), fillColorSpace='rgb', fillRGB=array([-1, -1, -1]), interpolate=True, lineColor=array([-1, -1, -1]), lineColorSpace='rgb', lineRGB=array([-1, -1, -1]), lineWidth=1, name='unnamed ShapeStim', opacity=1.0, ori=0.0, pos=array([0., 0.]), size=array([2., 2.]), units='cm', vertices=ndarray(...), win=Window(...), windingRule=None)
20.5944 	EXP 	unnamed MovieStim3: autoLog = True
20.5944 	EXP 	unnamed MovieStim3: movie = 'C://Users//Badania//OneDrive//Pulpit//Syncc-In//Video1_20.wmv'
20.5944 	EXP 	unnamed MovieStim3: ori = 0.0
20.5944 	EXP 	unnamed MovieStim3: autoLog = True
20.5944 	EXP 	unnamed MovieStim3: movie = 'C://Users//Badania//OneDrive//Pulpit//Syncc-In//Video2_20.wmv'
20.5944 	EXP 	unnamed MovieStim3: ori = 0.0
20.5944 	EXP 	unnamed MovieStim3: autoLog = True
20.5944 	EXP 	unnamed MovieStim3: movie = 'C://Users//Badania//OneDrive//Pulpit//Syncc-In//Video3_20.wmv'
20.5944 	EXP 	unnamed MovieStim3: ori = 0.0
20.6013 	EXP 	Created unnamed TextStim = TextStim(__class__=<class 'psychopy.visual.text.TextStim'>, alignHoriz=method-wrapper(...), alignText='center', alignVert=method-wrapper(...), anchorHoriz='center', anchorVert='center', antialias=True, autoDraw=False, autoLog=True, bold=False, color=array([1, 1, 1]), colorSpace='rgb', contrast=1.0, depth=0, flipHoriz=False, flipVert=False, font='', fontFiles=[], height=0.1, italic=False, languageStyle='LTR', name='unnamed TextStim', opacity=1.0, ori=0.0, pos=array([0., 0.]), rgb=UNKNOWN, text="Press 'x' to begin stimulus procedure...", units='norm', win=Window(...), wrapWidth=1)
27.3510 	DATA 	Keypress: x
27.3590 	EXP 	Sound  started
27.4668 	EXP 	unnamed MovieStim3: autoDraw = True
27.4668 	EXP 	photo_rect_on: autoDraw = True
27.4668 	EXP 	photo_rect_off: autoDraw = False
27.6177 	EXP 	photo_rect_on: autoDraw = False
27.6177 	EXP 	photo_rect_off: autoDraw = True
27.8840 	EXP 	photo_rect_on: autoDraw = True
27.8840 	EXP 	photo_rect_off: autoDraw = False
28.1340 	EXP 	photo_rect_on: autoDraw = False
28.1340 	EXP 	photo_rect_off: autoDraw = True
28.3843 	EXP 	photo_rect_on: autoDraw = True
28.3843 	EXP 	photo_rect_off: autoDraw = False
30.5755 	DATA 	Keypress: escape
31.3295 	EXP 	window1: mouseVisible = True
31.3682 	EXP 	window1: mouseVisible = True
