12.6507 	EXP 	Created window1 = Window(allowGUI=True, allowStencil=False, autoLog=True, backendConf=UNKNOWN, bitsMode=UNKNOWN, blendMode='avg', bpc=(8, 8, 8), color=array([0., 0., 0.]), colorSpace='rgb', depthBits=8, fullscr=<method-wrapper '__getattribute__' of attributeSetter object at 0x00000215D41A8580>, gamma=None, gammaErrorPolicy='raise', lms=UNKNOWN, monitor=<psychopy.monitors.calibTools.Monitor object at 0x00000215D48BEA10>, multiSample=False, name='window1', numSamples=2, pos=(-2560, -209), screen=1, size=array([2560, 1440]), stencilBits=0, stereo=False, units='norm', useFBO=True, useRetina=False, viewOri=0.0, viewPos=None, viewScale=None, waitBlanking=True, winType='pyglet')
12.6508 	EXP 	window1: mouseVisible = True
12.6509 	EXP 	window1: mouseVisible = True
13.1177 	EXP 	Created window1 = Window(allowGUI=True, allowStencil=False, autoLog=True, backendConf=UNKNOWN, bitsMode=UNKNOWN, blendMode='avg', bpc=(8, 8, 8), color=array([0., 0., 0.]), colorSpace='rgb', depthBits=8, fullscr=<method-wrapper '__getattribute__' of attributeSetter object at 0x00000215D41A8580>, gamma=None, gammaErrorPolicy='raise', lms=UNKNOWN, monitor=<psychopy.monitors.calibTools.Monitor object at 0x00000215D48BEA70>, multiSample=False, name='window1', numSamples=2, pos=(640, 300), screen=0, size=array([640, 480]), stencilBits=0, stereo=False, units='norm', useFBO=True, useRetina=False, viewOri=0.0, viewPos=None, viewScale=None, waitBlanking=True, winType='pyglet')
13.1178 	EXP 	window1: mouseVisible = True
15.3031 	EXP 	Created unnamed TextStim = TextStim(__class__=<class 'psychopy.visual.text.TextStim'>, alignHoriz=method-wrapper(...), alignText='center', alignVert=method-wrapper(...), anchorHoriz='center', anchorVert='center', antialias=True, autoDraw=False, autoLog=True, bold=False, color=array([1, 1, 1]), colorSpace='rgb', contrast=1.0, depth=0, flipHoriz=False, flipVert=False, font='', fontFiles=[], height=0.1, italic=False, languageStyle='LTR', name='unnamed TextStim', opacity=1.0, ori=0.0, pos=array([0., 0.]), rgb=UNKNOWN, text=str(...), units='norm', win=Window(...), wrapWidth=1)
24.9127 	DATA 	Keypress: x
25.0347 	EXP 	Created unnamed MovieStim3 = MovieStim3(__class__=<class 'psychopy.visual.movie3.MovieStim3'>, anchor=('center', 'center'), autoLog=True, color=UNKNOWN, colorSpace=UNKNOWN, depth=0.0, filename=str(...), flipHoriz=False, flipVert=False, fps=UNKNOWN, interpolate=True, loop=False, name='unnamed MovieStim3', noAudio=False, opacity=1, ori=method-wrapper(...), pos=array([0., 0.]), size=None, units='pix', vframe_callback=UNKNOWN, volume=UNKNOWN, win=Window(...))
25.2366 	WARNING 	0.20177490008063614: Video catchup needed, advancing self._nextFrameT from 0.0 to 0.05
25.2366 	WARNING 	0.20182840013876557: Video catchup needed, advancing self._nextFrameT from 0.05 to 0.1
25.2366 	WARNING 	0.20186259993351996: Video catchup needed, advancing self._nextFrameT from 0.1 to 0.15000000000000002
25.5038 	EXP 	unnamed MovieStim3: autoLog = True
25.5038 	EXP 	unnamed MovieStim3: movie = 'C://Users//Badania//OneDrive//Pulpit//Syncc-In//calib_intro_20.wmv'
25.5038 	EXP 	unnamed MovieStim3: ori = 0.0
25.5038 	EXP 	unnamed MovieStim3: autoDraw = True
25.5045 	WARNING 	0.322405599988997: Video catchup needed, advancing self._nextFrameT from 0.15000000000000002 to 0.2
25.5046 	WARNING 	0.32246960001066327: Video catchup needed, advancing self._nextFrameT from 0.2 to 0.25
25.6463 	WARNING 	0.464167500147596: Video catchup needed, advancing self._nextFrameT from 0.3 to 0.35
25.6463 	WARNING 	0.4642203999683261: Video catchup needed, advancing self._nextFrameT from 0.35 to 0.39999999999999997
28.5197 	EXP 	window1: mouseVisible = True
