9.8350 	EXP 	Created window1 = Window(allowGUI=True, allowStencil=False, autoLog=True, backendConf=UNKNOWN, bitsMode=UNKNOWN, blendMode='avg', bpc=(8, 8, 8), color=array([1., 1., 1.]), colorSpace='rgb', depthBits=8, fullscr=<method-wrapper '__getattribute__' of attributeSetter object at 0x000001BD6DA885B0>, gamma=None, gammaErrorPolicy='raise', lms=UNKNOWN, monitor=<psychopy.monitors.calibTools.Monitor object at 0x000001BD6E1B5060>, multiSample=False, name='window1', numSamples=2, pos=(-2560, -209), screen=1, size=array([2560, 1440]), stencilBits=0, stereo=False, units='norm', useFBO=True, useRetina=False, viewOri=0.0, viewPos=None, viewScale=None, waitBlanking=True, winType='pyglet')
9.8351 	EXP 	window1: mouseVisible = True
9.8352 	EXP 	window1: mouseVisible = True
10.4105 	EXP 	Created window1 = Window(allowGUI=True, allowStencil=False, autoLog=True, backendConf=UNKNOWN, bitsMode=UNKNOWN, blendMode='avg', bpc=(8, 8, 8), color=array([1., 1., 1.]), colorSpace='rgb', depthBits=8, fullscr=<method-wrapper '__getattribute__' of attributeSetter object at 0x000001BD6DA885B0>, gamma=None, gammaErrorPolicy='raise', lms=UNKNOWN, monitor=<psychopy.monitors.calibTools.Monitor object at 0x000001BD6E1B5120>, multiSample=False, name='window1', numSamples=2, pos=(640, 300), screen=0, size=array([640, 480]), stencilBits=0, stereo=False, units='norm', useFBO=True, useRetina=False, viewOri=0.0, viewPos=None, viewScale=None, waitBlanking=True, winType='pyglet')
10.4106 	EXP 	window1: mouseVisible = True
12.9630 	EXP 	Created unnamed TextStim = TextStim(__class__=<class 'psychopy.visual.text.TextStim'>, alignHoriz=method-wrapper(...), alignText='center', alignVert=method-wrapper(...), anchorHoriz='center', anchorVert='center', antialias=True, autoDraw=False, autoLog=True, bold=False, color=array([-1, -1, -1]), colorSpace='rgb', contrast=1.0, depth=0, flipHoriz=False, flipVert=False, font='', fontFiles=[], height=0.1, italic=False, languageStyle='LTR', name='unnamed TextStim', opacity=1.0, ori=0.0, pos=array([0., 0.]), rgb=UNKNOWN, text=str(...), units='norm', win=Window(...), wrapWidth=1)
38.2921 	DATA 	Keypress: x
38.4608 	EXP 	Created unnamed MovieStim3 = MovieStim3(__class__=<class 'psychopy.visual.movie3.MovieStim3'>, anchor=('center', 'center'), autoLog=True, color=UNKNOWN, colorSpace=UNKNOWN, depth=0.0, filename=str(...), flipHoriz=False, flipVert=False, fps=UNKNOWN, interpolate=True, loop=False, name='unnamed MovieStim3', noAudio=False, opacity=1, ori=method-wrapper(...), pos=array([0., 0.]), size=None, units='pix', vframe_callback=UNKNOWN, volume=UNKNOWN, win=Window(...))
38.6900 	WARNING 	0.22916140011511743: Video catchup needed, advancing self._nextFrameT from 0.0 to 0.05
38.6900 	WARNING 	0.22920310008339584: Video catchup needed, advancing self._nextFrameT from 0.05 to 0.1
38.6901 	WARNING 	0.2292343000881374: Video catchup needed, advancing self._nextFrameT from 0.1 to 0.15000000000000002
38.7712 	EXP 	unnamed MovieStim3: autoLog = True
38.7712 	EXP 	unnamed MovieStim3: movie = 'C://Users//Badania//OneDrive//Pulpit//Syncc-In//calib_intro_20.wmv'
38.7712 	EXP 	unnamed MovieStim3: ori = 0.0
38.7712 	EXP 	unnamed MovieStim3: autoDraw = True
38.9032 	WARNING 	0.26053300010971725: Video catchup needed, advancing self._nextFrameT from 0.15000000000000002 to 0.2
41.7876 	EXP 	window1: mouseVisible = True
41.7974 	EXP 	Created unnamed TextStim = TextStim(__class__=<class 'psychopy.visual.text.TextStim'>, alignHoriz=method-wrapper(...), alignText='center', alignVert=method-wrapper(...), anchorHoriz='center', anchorVert='center', antialias=True, autoDraw=False, autoLog=True, bold=False, color=array([-1, -1, -1]), colorSpace='rgb', contrast=1.0, depth=0, flipHoriz=False, flipVert=False, font='', fontFiles=[], height=0.1, italic=False, languageStyle='LTR', name='unnamed TextStim', opacity=1.0, ori=0.0, pos=array([0., 0.]), rgb=UNKNOWN, text="Press 'x' to begin master calibration...", units='norm', win=Window(...), wrapWidth=1)
44.7182 	DATA 	Keypress: x
260.6108 	DATA 	Keypress: n
260.6178 	EXP 	Created unnamed TextStim = TextStim(__class__=<class 'psychopy.visual.text.TextStim'>, alignHoriz=method-wrapper(...), alignText='center', alignVert=method-wrapper(...), anchorHoriz='center', anchorVert='center', antialias=True, autoDraw=False, autoLog=True, bold=False, color=array([-1, -1, -1]), colorSpace='rgb', contrast=1.0, depth=0, flipHoriz=False, flipVert=False, font='', fontFiles=[], height=0.1, italic=False, languageStyle='LTR', name='unnamed TextStim', opacity=1.0, ori=0.0, pos=array([0., 0.]), rgb=UNKNOWN, text="Press 'x' to begin slave calibration...", units='norm', win=Window(...), wrapWidth=1)
290.4748 	DATA 	Keypress: x
327.2047 	DATA 	Keypress: n
327.2150 	EXP 	Created unnamed TextStim = TextStim(__class__=<class 'psychopy.visual.text.TextStim'>, alignHoriz=method-wrapper(...), alignText='center', alignVert=method-wrapper(...), anchorHoriz='center', anchorVert='center', antialias=True, autoDraw=False, autoLog=True, bold=False, color=array([-1, -1, -1]), colorSpace='rgb', contrast=1.0, depth=0, flipHoriz=False, flipVert=False, font='', fontFiles=[], height=0.1, italic=False, languageStyle='LTR', name='unnamed TextStim', opacity=1.0, ori=0.0, pos=array([0., 0.]), rgb=UNKNOWN, text=str(...), units='norm', win=Window(...), wrapWidth=1)
405.3384 	DATA 	Keypress: x
406.1476 	EXP 	Created window1 = Window(allowGUI=True, allowStencil=False, autoLog=True, backendConf=UNKNOWN, bitsMode=UNKNOWN, blendMode='avg', bpc=(8, 8, 8), color=array([1., 1., 1.]), colorSpace='rgb', depthBits=8, fullscr=<method-wrapper '__getattribute__' of attributeSetter object at 0x000001BD6DA885B0>, gamma=None, gammaErrorPolicy='raise', lms=UNKNOWN, monitor=<psychopy.monitors.calibTools.Monitor object at 0x000001BD6E1B5060>, multiSample=False, name='window1', numSamples=2, pos=(-2560, -209), screen=1, size=array([2560, 1440]), stencilBits=0, stereo=False, units='height', useFBO=True, useRetina=False, viewOri=0.0, viewPos=None, viewScale=None, waitBlanking=True, winType='pyglet')
406.1478 	EXP 	window1: mouseVisible = True
406.1639 	EXP 	Created unnamed MovieStim3 = MovieStim3(__class__=<class 'psychopy.visual.movie3.MovieStim3'>, anchor=('center', 'center'), autoLog=True, color=UNKNOWN, colorSpace=UNKNOWN, depth=0.0, filename=str(...), flipHoriz=False, flipVert=False, fps=UNKNOWN, interpolate=True, loop=False, name='unnamed MovieStim3', noAudio=False, opacity=1, ori=method-wrapper(...), pos=array([0., 0.]), size=None, units='pix', vframe_callback=UNKNOWN, volume=UNKNOWN, win=Window(...))
406.9707 	WARNING 	0.8067832000087947: Video catchup needed, advancing self._nextFrameT from 0.0 to 0.05
406.9708 	WARNING 	0.8068357999436557: Video catchup needed, advancing self._nextFrameT from 0.05 to 0.1
406.9708 	WARNING 	0.8068577998783439: Video catchup needed, advancing self._nextFrameT from 0.1 to 0.15000000000000002
406.9708 	WARNING 	0.8068752000108361: Video catchup needed, advancing self._nextFrameT from 0.15000000000000002 to 0.2
406.9708 	WARNING 	0.8068917999044061: Video catchup needed, advancing self._nextFrameT from 0.2 to 0.25
406.9709 	WARNING 	0.806908099912107: Video catchup needed, advancing self._nextFrameT from 0.25 to 0.3
406.9709 	WARNING 	0.8069245000369847: Video catchup needed, advancing self._nextFrameT from 0.3 to 0.35
406.9709 	WARNING 	0.8069406000431627: Video catchup needed, advancing self._nextFrameT from 0.35 to 0.39999999999999997
406.9709 	WARNING 	0.8069569000508636: Video catchup needed, advancing self._nextFrameT from 0.39999999999999997 to 0.44999999999999996
406.9709 	WARNING 	0.8069739998318255: Video catchup needed, advancing self._nextFrameT from 0.44999999999999996 to 0.49999999999999994
406.9709 	WARNING 	Max reportNDroppedFrames reached, will not log any more dropped frames
407.0715 	EXP 	Created unnamed MovieStim3 = MovieStim3(__class__=<class 'psychopy.visual.movie3.MovieStim3'>, anchor=('center', 'center'), autoLog=True, color=UNKNOWN, colorSpace=UNKNOWN, depth=0.0, filename=str(...), flipHoriz=False, flipVert=False, fps=UNKNOWN, interpolate=True, loop=False, name='unnamed MovieStim3', noAudio=False, opacity=1, ori=method-wrapper(...), pos=array([0., 0.]), size=None, units='pix', vframe_callback=UNKNOWN, volume=UNKNOWN, win=Window(...))
407.7664 	WARNING 	0.6948518001008779: Video catchup needed, advancing self._nextFrameT from 0.0 to 0.05
407.7664 	WARNING 	0.6948886001482606: Video catchup needed, advancing self._nextFrameT from 0.05 to 0.1
407.7665 	WARNING 	0.6949071001727134: Video catchup needed, advancing self._nextFrameT from 0.1 to 0.15000000000000002
407.7665 	WARNING 	0.6949246001895517: Video catchup needed, advancing self._nextFrameT from 0.15000000000000002 to 0.2
407.7665 	WARNING 	0.6949410000815988: Video catchup needed, advancing self._nextFrameT from 0.2 to 0.25
407.7665 	WARNING 	0.6949569000862539: Video catchup needed, advancing self._nextFrameT from 0.25 to 0.3
407.7665 	WARNING 	0.6949727002065629: Video catchup needed, advancing self._nextFrameT from 0.3 to 0.35
407.7665 	WARNING 	0.6949885999783874: Video catchup needed, advancing self._nextFrameT from 0.35 to 0.39999999999999997
407.7666 	WARNING 	0.6950050999876112: Video catchup needed, advancing self._nextFrameT from 0.39999999999999997 to 0.44999999999999996
407.7666 	WARNING 	0.6950217001140118: Video catchup needed, advancing self._nextFrameT from 0.44999999999999996 to 0.49999999999999994
407.7666 	WARNING 	Max reportNDroppedFrames reached, will not log any more dropped frames
407.8444 	EXP 	Created unnamed MovieStim3 = MovieStim3(__class__=<class 'psychopy.visual.movie3.MovieStim3'>, anchor=('center', 'center'), autoLog=True, color=UNKNOWN, colorSpace=UNKNOWN, depth=0.0, filename=str(...), flipHoriz=False, flipVert=False, fps=UNKNOWN, interpolate=True, loop=False, name='unnamed MovieStim3', noAudio=False, opacity=1, ori=method-wrapper(...), pos=array([0., 0.]), size=None, units='pix', vframe_callback=UNKNOWN, volume=UNKNOWN, win=Window(...))
408.5473 	WARNING 	0.702834399882704: Video catchup needed, advancing self._nextFrameT from 0.0 to 0.05
408.5473 	WARNING 	0.7028916999697685: Video catchup needed, advancing self._nextFrameT from 0.05 to 0.1
408.5474 	WARNING 	0.70292739989236: Video catchup needed, advancing self._nextFrameT from 0.1 to 0.15000000000000002
408.5474 	WARNING 	0.7029625999275595: Video catchup needed, advancing self._nextFrameT from 0.15000000000000002 to 0.2
408.5474 	WARNING 	0.7029965000692755: Video catchup needed, advancing self._nextFrameT from 0.2 to 0.25
408.5475 	WARNING 	0.7030299999751151: Video catchup needed, advancing self._nextFrameT from 0.25 to 0.3
408.5475 	WARNING 	0.7030624998733401: Video catchup needed, advancing self._nextFrameT from 0.3 to 0.35
408.5475 	WARNING 	0.7030946998856962: Video catchup needed, advancing self._nextFrameT from 0.35 to 0.39999999999999997
408.5476 	WARNING 	0.7031274000182748: Video catchup needed, advancing self._nextFrameT from 0.39999999999999997 to 0.44999999999999996
408.5476 	WARNING 	0.7031610000412911: Video catchup needed, advancing self._nextFrameT from 0.44999999999999996 to 0.49999999999999994
408.5476 	WARNING 	Max reportNDroppedFrames reached, will not log any more dropped frames
408.6488 	EXP 	Created photo_rect_on = Rect(__class__=<class 'psychopy.visual.rect.Rect'>, anchor=('right', 'bottom'), autoDraw=False, autoLog=True, closeShape=True, color=method-wrapper(...), colorSpace='rgb', contrast=None, depth=0.0, fillColor=array([1, 1, 1]), fillColorSpace='rgb', fillRGB=array([1, 1, 1]), interpolate=True, lineColor=array([1, 1, 1]), lineColorSpace='rgb', lineRGB=array([1, 1, 1]), lineWidth=1.0, name='photo_rect_on', opacity=1.0, ori=0.0, pos=array([ 1., -1.]), size=array([0.05625, 0.1    ]), units='norm', vertices=ndarray(...), win=Window(...))
408.6510 	EXP 	Created photo_rect_off = Rect(__class__=<class 'psychopy.visual.rect.Rect'>, anchor=('right', 'bottom'), autoDraw=False, autoLog=True, closeShape=True, color=method-wrapper(...), colorSpace='rgb', contrast=None, depth=0.0, fillColor=array([-1, -1, -1]), fillColorSpace='rgb', fillRGB=array([-1, -1, -1]), interpolate=True, lineColor=array([-1, -1, -1]), lineColorSpace='rgb', lineRGB=array([-1, -1, -1]), lineWidth=1.0, name='photo_rect_off', opacity=1.0, ori=0.0, pos=array([ 1., -1.]), size=array([0.05625, 0.1    ]), units='norm', vertices=ndarray(...), win=Window(...))
408.6541 	EXP 	Created unnamed ShapeStim = ShapeStim(__class__=<class 'psychopy.visual.shape.ShapeStim'>, anchor=('center', 'center'), autoDraw=False, autoLog=True, closeShape=True, color=method-wrapper(...), colorSpace='rgb', contrast=None, depth=0, fillColor=array([-1, -1, -1]), fillColorSpace='rgb', fillRGB=array([-1, -1, -1]), interpolate=True, lineColor=array([-1, -1, -1]), lineColorSpace='rgb', lineRGB=array([-1, -1, -1]), lineWidth=1, name='unnamed ShapeStim', opacity=1.0, ori=0.0, pos=array([0., 0.]), size=array([2., 2.]), units='cm', vertices=ndarray(...), win=Window(...), windingRule=None)
408.6659 	EXP 	unnamed MovieStim3: autoLog = True
408.6659 	EXP 	unnamed MovieStim3: movie = 'C://Users//Badania//OneDrive//Pulpit//Syncc-In//Video1_20.wmv'
408.6659 	EXP 	unnamed MovieStim3: ori = 0.0
408.6659 	EXP 	unnamed MovieStim3: autoLog = True
408.6659 	EXP 	unnamed MovieStim3: movie = 'C://Users//Badania//OneDrive//Pulpit//Syncc-In//Video2_20.wmv'
408.6659 	EXP 	unnamed MovieStim3: ori = 0.0
408.6659 	EXP 	unnamed MovieStim3: autoLog = True
408.6659 	EXP 	unnamed MovieStim3: movie = 'C://Users//Badania//OneDrive//Pulpit//Syncc-In//Video3_20.wmv'
408.6659 	EXP 	unnamed MovieStim3: ori = 0.0
408.6750 	EXP 	Created unnamed TextStim = TextStim(__class__=<class 'psychopy.visual.text.TextStim'>, alignHoriz=method-wrapper(...), alignText='center', alignVert=method-wrapper(...), anchorHoriz='center', anchorVert='center', antialias=True, autoDraw=False, autoLog=True, bold=False, color=array([-1, -1, -1]), colorSpace='rgb', contrast=1.0, depth=0, flipHoriz=False, flipVert=False, font='', fontFiles=[], height=0.1, italic=False, languageStyle='LTR', name='unnamed TextStim', opacity=1.0, ori=0.0, pos=array([0., 0.]), rgb=UNKNOWN, text="Press 'x' to begin stimulus procedure...", units='norm', win=Window(...), wrapWidth=1)
410.1380 	DATA 	Keypress: x
410.1441 	EXP 	Sound  started
410.2841 	EXP 	unnamed MovieStim3: autoDraw = True
410.2841 	EXP 	photo_rect_on: autoDraw = True
410.2841 	EXP 	photo_rect_off: autoDraw = False
410.4172 	EXP 	photo_rect_on: autoDraw = False
410.4172 	EXP 	photo_rect_off: autoDraw = True
410.6674 	EXP 	photo_rect_on: autoDraw = True
410.6674 	EXP 	photo_rect_off: autoDraw = False
410.9178 	EXP 	photo_rect_on: autoDraw = False
410.9178 	EXP 	photo_rect_off: autoDraw = True
411.1678 	EXP 	photo_rect_on: autoDraw = True
411.1678 	EXP 	photo_rect_off: autoDraw = False
470.8869 	EXP 	Set unnamed MovieStim3 finished
470.9035 	EXP 	unnamed MovieStim3: autoDraw = False
470.9035 	EXP 	photo_rect_on: autoDraw = False
470.9035 	EXP 	photo_rect_off: autoDraw = True
470.9035 	EXP 	unnamed ShapeStim: autoDraw = True
480.8974 	EXP 	Sound  started
481.0289 	EXP 	unnamed ShapeStim: autoDraw = False
481.0289 	EXP 	unnamed ShapeStim: autoDraw = False
481.0289 	EXP 	unnamed MovieStim3: autoDraw = True
481.0289 	EXP 	photo_rect_on: autoDraw = True
481.0289 	EXP 	photo_rect_off: autoDraw = False
481.1622 	EXP 	photo_rect_on: autoDraw = False
481.1622 	EXP 	photo_rect_off: autoDraw = True
481.4124 	EXP 	photo_rect_on: autoDraw = True
481.4124 	EXP 	photo_rect_off: autoDraw = False
541.6488 	EXP 	Set unnamed MovieStim3 finished
541.6653 	EXP 	unnamed MovieStim3: autoDraw = False
541.6653 	EXP 	photo_rect_on: autoDraw = False
541.6653 	EXP 	photo_rect_off: autoDraw = True
541.6653 	EXP 	unnamed ShapeStim: autoDraw = True
551.6591 	EXP 	Sound  started
551.7906 	EXP 	unnamed ShapeStim: autoDraw = False
551.7906 	EXP 	unnamed ShapeStim: autoDraw = False
551.7906 	EXP 	unnamed MovieStim3: autoDraw = True
551.7906 	EXP 	photo_rect_on: autoDraw = True
551.7906 	EXP 	photo_rect_off: autoDraw = False
551.9241 	EXP 	photo_rect_on: autoDraw = False
551.9241 	EXP 	photo_rect_off: autoDraw = True
552.1743 	EXP 	photo_rect_on: autoDraw = True
552.1743 	EXP 	photo_rect_off: autoDraw = False
552.4245 	EXP 	photo_rect_on: autoDraw = False
552.4245 	EXP 	photo_rect_off: autoDraw = True
552.6749 	EXP 	photo_rect_on: autoDraw = True
552.6749 	EXP 	photo_rect_off: autoDraw = False
552.9249 	EXP 	photo_rect_on: autoDraw = False
552.9249 	EXP 	photo_rect_off: autoDraw = True
553.1761 	EXP 	photo_rect_on: autoDraw = True
553.1761 	EXP 	photo_rect_off: autoDraw = False
612.0100 	EXP 	Set unnamed MovieStim3 finished
612.0268 	EXP 	unnamed MovieStim3: autoDraw = False
612.0268 	EXP 	photo_rect_on: autoDraw = False
612.0268 	EXP 	photo_rect_off: autoDraw = True
612.0268 	EXP 	unnamed ShapeStim: autoDraw = True
622.3950 	EXP 	window1: mouseVisible = True
622.9922 	EXP 	window1: mouseVisible = True
