14.5774 	EXP 	Created window1 = Window(allowGUI=True, allowStencil=False, autoLog=True, backendConf=UNKNOWN, bitsMode=UNKNOWN, blendMode='avg', bpc=(8, 8, 8), color=array([0., 0., 0.]), colorSpace='rgb', depthBits=8, fullscr=<method-wrapper '__getattribute__' of attributeSetter object at 0x0000019A23D7C8E0>, gamma=None, gammaErrorPolicy='raise', lms=UNKNOWN, monitor=<psychopy.monitors.calibTools.Monitor object at 0x0000019A244A51B0>, multiSample=False, name='window1', numSamples=2, pos=(-2560, -209), screen=1, size=array([2560, 1440]), stencilBits=0, stereo=False, units='norm', useFBO=True, useRetina=False, viewOri=0.0, viewPos=None, viewScale=None, waitBlanking=True, winType='pyglet')
14.5775 	EXP 	window1: mouseVisible = True
14.5776 	EXP 	window1: mouseVisible = True
15.1041 	EXP 	Created window1 = Window(allowGUI=True, allowStencil=False, autoLog=True, backendConf=UNKNOWN, bitsMode=UNKNOWN, blendMode='avg', bpc=(8, 8, 8), color=array([0., 0., 0.]), colorSpace='rgb', depthBits=8, fullscr=<method-wrapper '__getattribute__' of attributeSetter object at 0x0000019A23D7C8E0>, gamma=None, gammaErrorPolicy='raise', lms=UNKNOWN, monitor=<psychopy.monitors.calibTools.Monitor object at 0x0000019A244A5210>, multiSample=False, name='window1', numSamples=2, pos=(640, 300), screen=0, size=array([640, 480]), stencilBits=0, stereo=False, units='norm', useFBO=True, useRetina=False, viewOri=0.0, viewPos=None, viewScale=None, waitBlanking=True, winType='pyglet')
15.1042 	EXP 	window1: mouseVisible = True
17.2296 	EXP 	Created unnamed TextStim = TextStim(__class__=<class 'psychopy.visual.text.TextStim'>, alignHoriz=method-wrapper(...), alignText='center', alignVert=method-wrapper(...), anchorHoriz='center', anchorVert='center', antialias=True, autoDraw=False, autoLog=True, bold=False, color=array([1, 1, 1]), colorSpace='rgb', contrast=1.0, depth=0, flipHoriz=False, flipVert=False, font='', fontFiles=[], height=0.1, italic=False, languageStyle='LTR', name='unnamed TextStim', opacity=1.0, ori=0.0, pos=array([0., 0.]), rgb=UNKNOWN, text=str(...), units='norm', win=Window(...), wrapWidth=1)
18.3831 	DATA 	Keypress: x
18.4911 	EXP 	Created unnamed MovieStim3 = MovieStim3(__class__=<class 'psychopy.visual.movie3.MovieStim3'>, anchor=('center', 'center'), autoLog=True, color=UNKNOWN, colorSpace=UNKNOWN, depth=0.0, filename=str(...), flipHoriz=False, flipVert=False, fps=UNKNOWN, interpolate=True, loop=False, name='unnamed MovieStim3', noAudio=False, opacity=1, ori=method-wrapper(...), pos=array([0., 0.]), size=None, units='pix', vframe_callback=UNKNOWN, volume=UNKNOWN, win=Window(...))
18.6588 	WARNING 	0.16759110009297729: Video catchup needed, advancing self._nextFrameT from 0.0 to 0.05
18.6588 	WARNING 	0.167621600208804: Video catchup needed, advancing self._nextFrameT from 0.05 to 0.1
18.8426 	EXP 	unnamed MovieStim3: autoLog = True
18.8426 	EXP 	unnamed MovieStim3: movie = 'C://Users//Badania//OneDrive//Pulpit//Syncc-In//calib_intro_20.wmv'
18.8426 	EXP 	unnamed MovieStim3: ori = 0.0
18.8426 	EXP 	unnamed MovieStim3: autoDraw = True
21.8589 	EXP 	window1: mouseVisible = True
21.8694 	EXP 	Created unnamed TextStim = TextStim(__class__=<class 'psychopy.visual.text.TextStim'>, alignHoriz=method-wrapper(...), alignText='center', alignVert=method-wrapper(...), anchorHoriz='center', anchorVert='center', antialias=True, autoDraw=False, autoLog=True, bold=False, color=array([1, 1, 1]), colorSpace='rgb', contrast=1.0, depth=0, flipHoriz=False, flipVert=False, font='', fontFiles=[], height=0.1, italic=False, languageStyle='LTR', name='unnamed TextStim', opacity=1.0, ori=0.0, pos=array([0., 0.]), rgb=UNKNOWN, text="Press 'x' to begin master calibration...", units='norm', win=Window(...), wrapWidth=1)
23.1266 	DATA 	Keypress: x
23.1442 	EXP 	Created unnamed TextStim = TextStim(__class__=<class 'psychopy.visual.text.TextStim'>, alignHoriz=method-wrapper(...), alignText='center', alignVert=method-wrapper(...), anchorHoriz='center', anchorVert='center', antialias=True, autoDraw=False, autoLog=True, bold=False, color=array([1, 1, 1]), colorSpace='rgb', contrast=1.0, depth=0, flipHoriz=False, flipVert=False, font='', fontFiles=[], height=0.1, italic=False, languageStyle='LTR', name='unnamed TextStim', opacity=1.0, ori=0.0, pos=array([0., 0.]), rgb=UNKNOWN, text="Press 'x' to begin slave calibration...", units='norm', win=Window(...), wrapWidth=1)
24.3579 	DATA 	Keypress: x
24.3707 	EXP 	Created unnamed TextStim = TextStim(__class__=<class 'psychopy.visual.text.TextStim'>, alignHoriz=method-wrapper(...), alignText='center', alignVert=method-wrapper(...), anchorHoriz='center', anchorVert='center', antialias=True, autoDraw=False, autoLog=True, bold=False, color=array([1, 1, 1]), colorSpace='rgb', contrast=1.0, depth=0, flipHoriz=False, flipVert=False, font='', fontFiles=[], height=0.1, italic=False, languageStyle='LTR', name='unnamed TextStim', opacity=1.0, ori=0.0, pos=array([0., 0.]), rgb=UNKNOWN, text=str(...), units='norm', win=Window(...), wrapWidth=1)
25.0976 	DATA 	Keypress: x
25.6705 	EXP 	Created window1 = Window(allowGUI=True, allowStencil=False, autoLog=True, backendConf=UNKNOWN, bitsMode=UNKNOWN, blendMode='avg', bpc=(8, 8, 8), color=array([0., 0., 0.]), colorSpace='rgb', depthBits=8, fullscr=<method-wrapper '__getattribute__' of attributeSetter object at 0x0000019A23D7C8E0>, gamma=None, gammaErrorPolicy='raise', lms=UNKNOWN, monitor=<psychopy.monitors.calibTools.Monitor object at 0x0000019A244A51B0>, multiSample=False, name='window1', numSamples=2, pos=(-2560, -209), screen=1, size=array([2560, 1440]), stencilBits=0, stereo=False, units='height', useFBO=True, useRetina=False, viewOri=0.0, viewPos=None, viewScale=None, waitBlanking=True, winType='pyglet')
25.6706 	EXP 	window1: mouseVisible = True
25.6871 	EXP 	Created unnamed MovieStim3 = MovieStim3(__class__=<class 'psychopy.visual.movie3.MovieStim3'>, anchor=('center', 'center'), autoLog=True, color=UNKNOWN, colorSpace=UNKNOWN, depth=0.0, filename=str(...), flipHoriz=False, flipVert=False, fps=UNKNOWN, interpolate=True, loop=False, name='unnamed MovieStim3', noAudio=False, opacity=1, ori=method-wrapper(...), pos=array([0., 0.]), size=None, units='pix', vframe_callback=UNKNOWN, volume=UNKNOWN, win=Window(...))
26.3412 	WARNING 	0.6541337999515235: Video catchup needed, advancing self._nextFrameT from 0.0 to 0.05
26.3413 	WARNING 	0.654173499904573: Video catchup needed, advancing self._nextFrameT from 0.05 to 0.1
26.3413 	WARNING 	0.6541919999290258: Video catchup needed, advancing self._nextFrameT from 0.1 to 0.15000000000000002
26.3413 	WARNING 	0.6542094999458641: Video catchup needed, advancing self._nextFrameT from 0.15000000000000002 to 0.2
26.3414 	WARNING 	0.6543201999738812: Video catchup needed, advancing self._nextFrameT from 0.2 to 0.25
26.3414 	WARNING 	0.6543572000227869: Video catchup needed, advancing self._nextFrameT from 0.25 to 0.3
26.3415 	WARNING 	0.6543894000351429: Video catchup needed, advancing self._nextFrameT from 0.3 to 0.35
26.3415 	WARNING 	0.6544212999287993: Video catchup needed, advancing self._nextFrameT from 0.35 to 0.39999999999999997
26.3415 	WARNING 	0.6544548999518156: Video catchup needed, advancing self._nextFrameT from 0.39999999999999997 to 0.44999999999999996
26.3416 	WARNING 	0.6544886000920087: Video catchup needed, advancing self._nextFrameT from 0.44999999999999996 to 0.49999999999999994
26.3416 	WARNING 	Max reportNDroppedFrames reached, will not log any more dropped frames
26.4231 	EXP 	Created unnamed MovieStim3 = MovieStim3(__class__=<class 'psychopy.visual.movie3.MovieStim3'>, anchor=('center', 'center'), autoLog=True, color=UNKNOWN, colorSpace=UNKNOWN, depth=0.0, filename=str(...), flipHoriz=False, flipVert=False, fps=UNKNOWN, interpolate=True, loop=False, name='unnamed MovieStim3', noAudio=False, opacity=1, ori=method-wrapper(...), pos=array([0., 0.]), size=None, units='pix', vframe_callback=UNKNOWN, volume=UNKNOWN, win=Window(...))
27.0623 	WARNING 	0.6391578000038862: Video catchup needed, advancing self._nextFrameT from 0.0 to 0.05
27.0623 	WARNING 	0.6391942000482231: Video catchup needed, advancing self._nextFrameT from 0.05 to 0.1
27.0623 	WARNING 	0.639212999958545: Video catchup needed, advancing self._nextFrameT from 0.1 to 0.15000000000000002
27.0623 	WARNING 	0.639230800094083: Video catchup needed, advancing self._nextFrameT from 0.15000000000000002 to 0.2
27.0624 	WARNING 	0.6392485999967903: Video catchup needed, advancing self._nextFrameT from 0.2 to 0.25
27.0624 	WARNING 	0.639265300007537: Video catchup needed, advancing self._nextFrameT from 0.25 to 0.3
27.0624 	WARNING 	0.6392816000152379: Video catchup needed, advancing self._nextFrameT from 0.3 to 0.35
27.0624 	WARNING 	0.6392979000229388: Video catchup needed, advancing self._nextFrameT from 0.35 to 0.39999999999999997
27.0624 	WARNING 	0.6393144000321627: Video catchup needed, advancing self._nextFrameT from 0.39999999999999997 to 0.44999999999999996
27.0624 	WARNING 	0.6393313000444323: Video catchup needed, advancing self._nextFrameT from 0.44999999999999996 to 0.49999999999999994
27.0625 	WARNING 	Max reportNDroppedFrames reached, will not log any more dropped frames
27.1326 	EXP 	Created unnamed MovieStim3 = MovieStim3(__class__=<class 'psychopy.visual.movie3.MovieStim3'>, anchor=('center', 'center'), autoLog=True, color=UNKNOWN, colorSpace=UNKNOWN, depth=0.0, filename=str(...), flipHoriz=False, flipVert=False, fps=UNKNOWN, interpolate=True, loop=False, name='unnamed MovieStim3', noAudio=False, opacity=1, ori=method-wrapper(...), pos=array([0., 0.]), size=None, units='pix', vframe_callback=UNKNOWN, volume=UNKNOWN, win=Window(...))
27.7654 	WARNING 	0.6327294998336583: Video catchup needed, advancing self._nextFrameT from 0.0 to 0.05
27.7654 	WARNING 	0.6327656998764724: Video catchup needed, advancing self._nextFrameT from 0.05 to 0.1
27.7654 	WARNING 	0.6327837998978794: Video catchup needed, advancing self._nextFrameT from 0.1 to 0.15000000000000002
27.7655 	WARNING 	0.6328010000288486: Video catchup needed, advancing self._nextFrameT from 0.15000000000000002 to 0.2
27.7655 	WARNING 	0.6328176998067647: Video catchup needed, advancing self._nextFrameT from 0.2 to 0.25
27.7655 	WARNING 	0.6328334999270737: Video catchup needed, advancing self._nextFrameT from 0.25 to 0.3
27.7655 	WARNING 	0.6328487999271601: Video catchup needed, advancing self._nextFrameT from 0.3 to 0.35
27.7655 	WARNING 	0.6328642999287695: Video catchup needed, advancing self._nextFrameT from 0.35 to 0.39999999999999997
27.7655 	WARNING 	0.6328806998208165: Video catchup needed, advancing self._nextFrameT from 0.39999999999999997 to 0.44999999999999996
27.7655 	WARNING 	0.6328970999456942: Video catchup needed, advancing self._nextFrameT from 0.44999999999999996 to 0.49999999999999994
27.7656 	WARNING 	Max reportNDroppedFrames reached, will not log any more dropped frames
27.8348 	EXP 	Created photo_rect_on = Rect(__class__=<class 'psychopy.visual.rect.Rect'>, anchor=('right', 'bottom'), autoDraw=False, autoLog=True, closeShape=True, color=method-wrapper(...), colorSpace='rgb', contrast=None, depth=0.0, fillColor=array([1, 1, 1]), fillColorSpace='rgb', fillRGB=array([1, 1, 1]), interpolate=True, lineColor=array([1, 1, 1]), lineColorSpace='rgb', lineRGB=array([1, 1, 1]), lineWidth=1.0, name='photo_rect_on', opacity=1.0, ori=0.0, pos=array([ 1., -1.]), size=array([0.05625, 0.1    ]), units='norm', vertices=ndarray(...), win=Window(...))
27.8370 	EXP 	Created photo_rect_off = Rect(__class__=<class 'psychopy.visual.rect.Rect'>, anchor=('right', 'bottom'), autoDraw=False, autoLog=True, closeShape=True, color=method-wrapper(...), colorSpace='rgb', contrast=None, depth=0.0, fillColor=array([-1, -1, -1]), fillColorSpace='rgb', fillRGB=array([-1, -1, -1]), interpolate=True, lineColor=array([-1, -1, -1]), lineColorSpace='rgb', lineRGB=array([-1, -1, -1]), lineWidth=1.0, name='photo_rect_off', opacity=1.0, ori=0.0, pos=array([ 1., -1.]), size=array([0.05625, 0.1    ]), units='norm', vertices=ndarray(...), win=Window(...))
27.8393 	EXP 	Created unnamed ShapeStim = ShapeStim(__class__=<class 'psychopy.visual.shape.ShapeStim'>, anchor=('center', 'center'), autoDraw=False, autoLog=True, closeShape=True, color=method-wrapper(...), colorSpace='rgb', contrast=None, depth=0, fillColor=array([-1, -1, -1]), fillColorSpace='rgb', fillRGB=array([-1, -1, -1]), interpolate=True, lineColor=array([-1, -1, -1]), lineColorSpace='rgb', lineRGB=array([-1, -1, -1]), lineWidth=1, name='unnamed ShapeStim', opacity=1.0, ori=0.0, pos=array([0., 0.]), size=array([2., 2.]), units='cm', vertices=ndarray(...), win=Window(...), windingRule=None)
27.8551 	EXP 	unnamed MovieStim3: autoLog = True
27.8551 	EXP 	unnamed MovieStim3: movie = 'C://Users//Badania//OneDrive//Pulpit//Syncc-In//Video1_20.wmv'
27.8551 	EXP 	unnamed MovieStim3: ori = 0.0
27.8551 	EXP 	unnamed MovieStim3: autoLog = True
27.8551 	EXP 	unnamed MovieStim3: movie = 'C://Users//Badania//OneDrive//Pulpit//Syncc-In//Video2_20.wmv'
27.8551 	EXP 	unnamed MovieStim3: ori = 0.0
27.8551 	EXP 	unnamed MovieStim3: autoLog = True
27.8551 	EXP 	unnamed MovieStim3: movie = 'C://Users//Badania//OneDrive//Pulpit//Syncc-In//Video3_20.wmv'
27.8551 	EXP 	unnamed MovieStim3: ori = 0.0
27.8626 	EXP 	Created unnamed TextStim = TextStim(__class__=<class 'psychopy.visual.text.TextStim'>, alignHoriz=method-wrapper(...), alignText='center', alignVert=method-wrapper(...), anchorHoriz='center', anchorVert='center', antialias=True, autoDraw=False, autoLog=True, bold=False, color=array([1, 1, 1]), colorSpace='rgb', contrast=1.0, depth=0, flipHoriz=False, flipVert=False, font='', fontFiles=[], height=0.1, italic=False, languageStyle='LTR', name='unnamed TextStim', opacity=1.0, ori=0.0, pos=array([0., 0.]), rgb=UNKNOWN, text="Press 'x' to begin stimulus procedure...", units='norm', win=Window(...), wrapWidth=1)
28.4767 	DATA 	Keypress: x
28.4884 	EXP 	Sound  started
28.6056 	EXP 	unnamed MovieStim3: autoDraw = True
28.6056 	EXP 	photo_rect_on: autoDraw = True
28.6056 	EXP 	photo_rect_off: autoDraw = False
28.7397 	EXP 	photo_rect_on: autoDraw = False
28.7397 	EXP 	photo_rect_off: autoDraw = True
28.8912 	WARNING 	0.3527472000569105: Video catchup needed, advancing self._nextFrameT from 0.25 to 0.3
28.9897 	EXP 	photo_rect_on: autoDraw = True
28.9897 	EXP 	photo_rect_off: autoDraw = False
29.2396 	EXP 	photo_rect_on: autoDraw = False
29.2396 	EXP 	photo_rect_off: autoDraw = True
29.4901 	EXP 	photo_rect_on: autoDraw = True
29.4901 	EXP 	photo_rect_off: autoDraw = False
29.7401 	EXP 	photo_rect_on: autoDraw = False
29.7401 	EXP 	photo_rect_off: autoDraw = True
29.9902 	EXP 	photo_rect_on: autoDraw = True
29.9902 	EXP 	photo_rect_off: autoDraw = False
31.6099 	EXP 	Sound  stopped
31.6247 	EXP 	unnamed MovieStim3: autoDraw = False
31.6247 	EXP 	unnamed MovieStim3: autoDraw = False
31.6247 	EXP 	photo_rect_on: autoDraw = False
31.6247 	EXP 	photo_rect_off: autoDraw = True
31.6247 	EXP 	unnamed ShapeStim: autoDraw = True
39.0159 	DATA 	Keypress: x
41.6212 	EXP 	Sound  started
41.7338 	EXP 	unnamed ShapeStim: autoDraw = False
41.7338 	EXP 	unnamed ShapeStim: autoDraw = False
41.7338 	EXP 	unnamed MovieStim3: autoDraw = True
41.7338 	EXP 	photo_rect_on: autoDraw = True
41.7338 	EXP 	photo_rect_off: autoDraw = False
41.8839 	EXP 	photo_rect_on: autoDraw = False
41.8839 	EXP 	photo_rect_off: autoDraw = True
42.1506 	EXP 	photo_rect_on: autoDraw = True
42.1506 	EXP 	photo_rect_off: autoDraw = False
42.4010 	EXP 	photo_rect_on: autoDraw = False
42.4010 	EXP 	photo_rect_off: autoDraw = True
42.6510 	EXP 	photo_rect_on: autoDraw = True
42.6510 	EXP 	photo_rect_off: autoDraw = False
44.7406 	EXP 	Sound  stopped
44.7529 	EXP 	unnamed MovieStim3: autoDraw = False
44.7529 	EXP 	unnamed MovieStim3: autoDraw = False
44.7529 	EXP 	photo_rect_on: autoDraw = False
44.7529 	EXP 	photo_rect_off: autoDraw = True
44.7529 	EXP 	unnamed ShapeStim: autoDraw = True
54.7464 	EXP 	Sound  started
54.8617 	EXP 	unnamed ShapeStim: autoDraw = False
54.8617 	EXP 	unnamed ShapeStim: autoDraw = False
54.8617 	EXP 	unnamed MovieStim3: autoDraw = True
54.8617 	EXP 	photo_rect_on: autoDraw = True
54.8617 	EXP 	photo_rect_off: autoDraw = False
55.0119 	EXP 	photo_rect_on: autoDraw = False
55.0119 	EXP 	photo_rect_off: autoDraw = True
55.2621 	EXP 	photo_rect_on: autoDraw = True
55.2621 	EXP 	photo_rect_off: autoDraw = False
57.8712 	EXP 	Sound  stopped
57.8810 	EXP 	unnamed MovieStim3: autoDraw = False
57.8810 	EXP 	unnamed MovieStim3: autoDraw = False
57.8810 	EXP 	photo_rect_on: autoDraw = False
57.8810 	EXP 	photo_rect_off: autoDraw = True
57.8810 	EXP 	unnamed ShapeStim: autoDraw = True
68.0055 	EXP 	window1: mouseVisible = True
68.6373 	EXP 	window1: mouseVisible = True
